fission: 1
(18.2761, 10.781, -0.00153343)
(20.228, 7.3412, 0.000147871)
fission: 2
(3.48439, -45.171, 0.00378277)
(5.7313, -48.2278, -0.000996432)
fission: 3
(-37.1594, 61.9603, 0.00468278)
(-36.193, 58.3155, 0.00259401)
fission: 4
(29.0467, 78.2359, -0.00345428)
(33.1999, 77.5173, -0.00233202)
fission: 5
(-22.1585, 2.69966, -0.00082281)
(-22.2582, 6.63094, 0.00105892)
fission: 6
(-31.7385, 39.6964, 0.00119564)
(-32.3488, 43.6461, 0.000932623)
fission: 7
(28.298, 70.6582, 0.0045332)
(27.862, 74.3711, -0.00302595)
fission: 8
(24.7765, 28.5412, 0.00216718)
(25.1542, 32.409, 0.00476691)
fission: 9
(-32.3603, 47.3363, 0.00430091)
(-32.4391, 51.5966, 0.000920321)
fission: 10
(23.9072, 44.7904, -0.00451972)
(24.4247, 48.8783, -0.000293918)
fission: 11
(5.45084, -60.573, -0.000530084)
(5.12483, -56.5691, -0.000664657)
fission: 12
(7.66379, -45.3145, 0.00149149)
(3.50784, -45.2202, -0.00425956)
fission: 13
(9.22547, -5.30781, -0.00315101)
(12.9935, -4.33222, 0.000907991)
fission: 14
(-35.9558, 32.8585, -0.00409631)
(-32.9779, 31.4186, -0.00374868)
fission: 15
(-23.5005, 11.1112, 0.00266968)
(-25.5111, 14.5956, -0.00406671)
fission: 16
(2.90445, -87.4253, 0.00274565)
(2.67326, -83.3877, -9.51578e-05)
fission: 17
(-5.58608, -2.54625, 0.00238965)
(-1.96912, -3.84485, 0.00278619)
fission: 18
(25.991, 12.9512, -0.00141816)
(25.5138, 16.9802, -0.000315836)
fission: 19
(3.19806, -67.0433, 0.00171081)
(2.67976, -62.9771, 0.00248617)
fission: 20
(27.2856, 62.6875, -0.00389517)
(27.5467, 66.619, -0.00294974)
fission: 21
(-9.0332, -60.8553, 0.0010261)
(-5.01225, -62.2032, 0.00374068)
fission: 22
(14.0012, 17.0658, 0.00369601)
(11.1538, 19.9836, 0.0049122)
fission: 23
(2.14125, -79.1152, 0.00403144)
(2.57016, -75.1719, -0.000607145)
fission: 24
(44.7215, 79.5251, -0.0013884)
(40.7382, 78.8141, -0.00288664)
fission: 25
(23.3648, 53.0645, -0.00274639)
(27.8524, 51.3545, 0.00487413)
fission: 26
(25.987, 20.791, -0.00414938)
(24.2027, 24.936, -0.00289237)
fission: 27
(-28.3588, 22.0352, 0.000411682)
(-28.638, 26.2542, 0.00297709)
fission: 28
(-30.2122, 33.641, -0.00368408)
(-33.5126, 36.1457, -0.000509545)
fission: 29
(-0.249012, 16.8235, -0.000591053)
(-3.63916, 14.6999, -0.00228666)
fission: 30
(4.40775, -33.825, 0.00332789)
(5.56118, -30.0865, 1.0584e-05)
fission: 31
(5.72037, -102.813, 0.00344441)
(4.72585, -99.2052, 0.000439401)
fission: 32
(15.7829, 53.2311, 0.00151075)
(19.7528, 54.0104, 0.00126949)
fission: 33
(-3.19478, 14.8175, -0.00029266)
(0.169462, 17.5546, -0.00263821)
fission: 34
(-4.8946, 11.2281, -7.0604e-05)
(-7.80835, 8.27515, -0.0045101)
fission: 35
(15.1959, -40.4414, -0.00456782)
(12.2298, -43.2528, 0.00272992)
fission: 36
(27.7065, 82.5779, -0.00434772)
(27.7485, 86.6559, -0.00202195)
fission: 37
(-1.10425, -62.053, -0.00170246)
(2.99429, -62.1496, -0.00113763)
fission: 38
(-34.6513, 32.877, 0.00415328)
(-37.5494, 35.9196, 0.000571067)
fission: 39
(1.01878, -76.0561, 0.00329153)
(1.1652, -72.2331, 0.000151766)
fission: 40
(-32.9156, 42.5157, -0.000408455)
(-29.5524, 40.033, -0.00485561)
fission: 41
(-0.675443, -4.55575, -0.00412647)
(3.0153, -6.62399, 0.00163265)
fission: 42
(27.1054, 74.862, -0.00188763)
(26.9844, 78.7192, -0.00487984)
fission: 43
(4.70173, -94.7701, 0.000380738)
(2.98414, -91.4617, -0.00426637)
fission: 44
(-8.77038, 4.53278, -0.00334847)
(-12.3683, 3.73758, -0.00335647)
fission: 45
(7.342, -26.1726, -0.00189597)
(7.14793, -21.9408, -0.00161856)
