fusion 1
(-2.30852, -3.56917, 0.00281991)
(-5.22269, -1.30826, -0.00324433)
fusion 2
(28.6642, 74.2529, 0.00130489)
(27.6549, 70.0082, -0.000175451)
fusion 3
(-34.4035, 33.8974, 0.00400203)
(-38.4162, 35.143, 0.00453654)
fusion 4
(-33.6349, 34.4571, 0.00355965)
(-33.7038, 38.0667, 0.00263419)
fusion 5
(1.0277, -75.9268, -0.00396887)
(4.14691, -78.2672, 0.000545452)
fusion 6
(2.31427, -61.9955, 0.00283746)
(-1.35941, -63.2811, -0.000117153)
fusion 7
(17.3484, 18.4146, -0.000100925)
(20.4804, 20.9336, 0.00138266)
fusion 8
(22.5184, 8.00747, -0.00486981)
(24.4758, 11.5784, -0.00328592)
